==========
/12:33:47/ [Function Loaded] name: <function New_test.emitter at 0x000002507649F940> 
==========
/12:33:57/ [LOADED] connection_to_table successful execute. 
==========
/12:33:57/ [LOADED] __init__ successful execute. 
==========
/12:34:06/ [LOADED] subgroupselect successful execute. 
==========
/12:34:06/ [LOADED] check successful execute. 
==========
/12:34:07/ [LOADED] login successful execute. 
==========
/12:34:08/ [LOADED] connection_to_table successful execute. 
==========
/12:34:08/ [LOADED] __init__ successful execute. 
==========
/12:34:08/ [LOADED] __init__ successful execute. 
==========
/12:34:08/ [LOADED] add_group successful execute. 
==========
/12:34:25/ [Function Loaded] name: <function New_test.emitter at 0x000001655C00F8B0> 
==========
/12:34:36/ [LOADED] connection_to_table successful execute. 
==========
/12:34:36/ [LOADED] __init__ successful execute. 
==========
/12:34:42/ [LOADED] subgroupselect successful execute. 
==========
/12:34:42/ [LOADED] check successful execute. 
==========
/12:34:44/ [LOADED] login successful execute. 
==========
/12:34:45/ [LOADED] connection_to_table successful execute. 
==========
/12:34:45/ [LOADED] __init__ successful execute. 
==========
/12:34:45/ [LOADED] __init__ successful execute. 
==========
/12:34:45/ [LOADED] add_group successful execute. 
==========
/12:36:26/ [Function Loaded] name: <function New_test.emitter at 0x000001FBB02CE8B0> 
==========
/12:36:37/ [LOADED] connection_to_table successful execute. 
==========
/12:36:37/ [LOADED] __init__ successful execute. 
==========
/12:37:01/ [LOADED] subgroupselect successful execute. 
==========
/12:37:01/ [LOADED] check successful execute. 
==========
/12:37:02/ [LOADED] login successful execute. 
==========
/12:37:04/ [LOADED] connection_to_table successful execute. 
==========
/12:37:04/ [LOADED] __init__ successful execute. 
==========
/12:37:04/ [LOADED] __init__ successful execute. 
==========
/12:37:04/ [LOADED] add_group successful execute. 
==========
/12:37:34/ [Function Loaded] name: <function New_test.emitter at 0x000002649031B940> 
==========
/12:37:45/ [LOADED] connection_to_table successful execute. 
==========
/12:37:45/ [LOADED] __init__ successful execute. 
==========
/12:37:52/ [LOADED] subgroupselect successful execute. 
==========
/12:37:52/ [LOADED] check successful execute. 
==========
/12:37:53/ [LOADED] login successful execute. 
==========
/12:37:54/ [LOADED] connection_to_table successful execute. 
==========
/12:37:54/ [LOADED] __init__ successful execute. 
==========
/12:37:54/ [LOADED] __init__ successful execute. 
==========
/12:37:54/ [LOADED] add_group successful execute. 
==========
/12:38:01/ [LOADED] connection_to_table successful execute. 
==========
/12:38:01/ [LOADED] __init__ successful execute. 
==========
/12:38:01/ [LOADED] add_group successful execute. 
==========
/12:38:15/ [Function Loaded] name: <function New_test.emitter at 0x000001A9FD0DE940> 
==========
/12:38:26/ [LOADED] connection_to_table successful execute. 
==========
/12:38:26/ [LOADED] __init__ successful execute. 
==========
/12:38:32/ [LOADED] subgroupselect successful execute. 
==========
/12:38:32/ [LOADED] check successful execute. 
==========
/12:38:33/ [LOADED] login successful execute. 
==========
/12:38:34/ [LOADED] connection_to_table successful execute. 
==========
/12:38:34/ [LOADED] __init__ successful execute. 
==========
/12:38:35/ [LOADED] connection_to_table successful execute. 
==========
/12:38:35/ [LOADED] __init__ successful execute. 
==========
/12:38:35/ [LOADED] __init__ successful execute. 
==========
/12:38:35/ [LOADED] add_group successful execute. 
==========
/12:40:11/ [Function Loaded] name: <function New_test.emitter at 0x000002C5197EF8B0> 
==========
/12:40:22/ [LOADED] connection_to_table successful execute. 
==========
/12:40:22/ [LOADED] __init__ successful execute. 
==========
/12:40:33/ [LOADED] subgroupselect successful execute. 
==========
/12:40:33/ [LOADED] check successful execute. 
==========
/12:40:34/ [LOADED] login successful execute. 
==========
/12:40:35/ [LOADED] connection_to_table successful execute. 
==========
/12:40:35/ [LOADED] __init__ successful execute. 
==========
/12:40:35/ [LOADED] __init__ successful execute. 
==========
/12:40:35/ [LOADED] add_group successful execute. 
==========
/12:40:39/ [LOADED] add_group successful execute. 
==========
/12:40:55/ [Function Loaded] name: <function New_test.emitter at 0x0000024DB9FED940> 
==========
/12:41:06/ [LOADED] connection_to_table successful execute. 
==========
/12:41:06/ [LOADED] __init__ successful execute. 
==========
/12:41:46/ [Function Loaded] name: <function New_test.emitter at 0x00000273ABC3F940> 
==========
/12:41:56/ [LOADED] connection_to_table successful execute. 
==========
/12:41:56/ [LOADED] __init__ successful execute. 
==========
/12:42:03/ [LOADED] subgroupselect successful execute. 
==========
/12:42:03/ [LOADED] check successful execute. 
==========
/12:42:04/ [LOADED] login successful execute. 
==========
/12:42:18/ [LOADED] connection_to_table successful execute. 
==========
/12:42:18/ [LOADED] __init__ successful execute. 
==========
/12:42:18/ [LOADED] __init__ successful execute. 
==========
/12:42:18/ [LOADED] add_group successful execute. 
==========
/12:42:24/ [LOADED] connection_to_table successful execute. 
==========
/12:42:24/ [LOADED] __init__ successful execute. 
==========
/12:42:24/ [LOADED] add_group successful execute. 
==========
/12:42:59/ [Function Loaded] name: <function New_test.emitter at 0x000001DA5E43D940> 
==========
/12:43:10/ [LOADED] connection_to_table successful execute. 
==========
/12:43:10/ [LOADED] __init__ successful execute. 
==========
/12:43:14/ [LOADED] subgroupselect successful execute. 
==========
/12:43:14/ [LOADED] check successful execute. 
==========
/12:43:15/ [LOADED] login successful execute. 
==========
/12:43:19/ [LOADED] connection_to_table successful execute. 
==========
/12:43:19/ [LOADED] __init__ successful execute. 
==========
/12:43:19/ [LOADED] __init__ successful execute. 
==========
/12:43:19/ [LOADED] add_group successful execute. 
==========
/12:43:22/ [LOADED] connection_to_table successful execute. 
==========
/12:43:22/ [LOADED] __init__ successful execute. 
==========
/12:43:22/ [LOADED] add_group successful execute. 
==========
/12:43:59/ [LOADED] connection_to_table successful execute. 
==========
/12:43:59/ [LOADED] __init__ successful execute. 
==========
/12:44:08/ [LOADED] subgroupselect successful execute. 
==========
/12:44:08/ [LOADED] check successful execute. 
==========
/12:44:09/ [LOADED] login successful execute. 
==========
/12:44:10/ [LOADED] connection_to_table successful execute. 
==========
/12:44:10/ [LOADED] __init__ successful execute. 
==========
/12:44:10/ [LOADED] __init__ successful execute. 
==========
/12:44:10/ [LOADED] add_group successful execute. 
==========
/12:44:15/ [LOADED] connection_to_table successful execute. 
==========
/12:44:15/ [LOADED] __init__ successful execute. 
==========
/12:44:15/ [LOADED] subgroupselect successful execute. 
==========
/12:44:15/ [LOADED] check successful execute. 
==========
/12:44:15/ [LOADED] add_group successful execute. 
==========
/12:45:31/ [LOADED] connection_to_table successful execute. 
==========
/12:45:31/ [LOADED] __init__ successful execute. 
==========
/12:45:38/ [LOADED] subgroupselect successful execute. 
==========
/12:45:38/ [LOADED] check successful execute. 
==========
/12:45:39/ [LOADED] login successful execute. 
==========
/12:45:40/ [LOADED] connection_to_table successful execute. 
==========
/12:45:40/ [LOADED] __init__ successful execute. 
==========
/12:45:40/ [LOADED] __init__ successful execute. 
==========
/12:45:40/ [LOADED] add_group successful execute. 
==========
/12:45:47/ [LOADED] connection_to_table successful execute. 
==========
/12:45:47/ [LOADED] __init__ successful execute. 
==========
/12:45:47/ [LOADED] subgroupselect successful execute. 
==========
/12:45:47/ [LOADED] check successful execute. 
==========
/12:45:47/ [LOADED] add_group successful execute. 
==========
/12:46:41/ [LOADED] connection_to_table successful execute. 
==========
/12:46:41/ [LOADED] __init__ successful execute. 
==========
/12:46:47/ [LOADED] subgroupselect successful execute. 
==========
/12:46:47/ [LOADED] check successful execute. 
==========
/12:46:48/ [LOADED] login successful execute. 
==========
/12:46:50/ [LOADED] connection_to_table successful execute. 
==========
/12:46:50/ [LOADED] __init__ successful execute. 
==========
/12:46:50/ [LOADED] __init__ successful execute. 
==========
/12:46:50/ [LOADED] add_group successful execute. 
==========
/12:46:53/ [LOADED] connection_to_table successful execute. 
==========
/12:46:53/ [LOADED] __init__ successful execute. 
==========
/12:46:54/ [LOADED] check successful execute. 
==========
/12:46:55/ [LOADED] login successful execute. 
==========
/12:46:55/ [LOADED] add_group successful execute. 
==========
/12:48:27/ [LOADED] connection_to_table successful execute. 
==========
/12:48:27/ [LOADED] __init__ successful execute. 
==========
/12:48:42/ [LOADED] connection_to_table successful execute. 
==========
/12:48:42/ [LOADED] __init__ successful execute. 
==========
/12:48:48/ [LOADED] subgroupselect successful execute. 
==========
/12:48:48/ [LOADED] check successful execute. 
==========
/12:48:49/ [LOADED] login successful execute. 
==========
/12:48:50/ [LOADED] connection_to_table successful execute. 
==========
/12:48:50/ [LOADED] __init__ successful execute. 
==========
/12:48:50/ [LOADED] __init__ successful execute. 
==========
/12:48:50/ [LOADED] add_group successful execute. 
==========
/12:48:59/ [LOADED] connection_to_table successful execute. 
==========
/12:48:59/ [LOADED] __init__ successful execute. 
==========
/12:49:00/ [LOADED] subgroupselect successful execute. 
==========
/12:49:00/ [LOADED] check successful execute. 
==========
/12:49:01/ [LOADED] login successful execute. 
==========
/12:49:01/ [LOADED] add_group successful execute. 
==========
/23:54:24/ [LOADED] connection_to_table successful execute. 
==========
/23:54:24/ [LOADED] __init__ successful execute. 
==========
/23:54:35/ [LOADED] subgroupselect successful execute. 
==========
/23:54:35/ [LOADED] check successful execute. 
==========
/23:54:36/ [LOADED] login successful execute. 
==========
/23:54:39/ [LOADED] connection_to_table successful execute. 
==========
/23:54:39/ [LOADED] __init__ successful execute. 
==========
/23:54:39/ [LOADED] __init__ successful execute. 
==========
/23:54:39/ [LOADED] add_group successful execute. 
==========
/23:54:46/ [LOADED] connection_to_table successful execute. 
==========
/23:54:46/ [LOADED] __init__ successful execute. 
==========
/23:54:46/ [LOADED] subgroupselect successful execute. 
==========
/23:54:46/ [LOADED] check successful execute. 
==========
/23:54:49/ [LOADED] login successful execute. 
==========
/23:54:49/ [LOADED] add_group successful execute. 
==========
/00:02:23/ [LOADED] connection_to_table successful execute. 
==========
/00:02:23/ [LOADED] __init__ successful execute. 
==========
/00:02:33/ [LOADED] subgroupselect successful execute. 
==========
/00:02:33/ [LOADED] check successful execute. 
==========
/00:02:33/ [LOADED] login successful execute. 
==========
/00:02:34/ [LOADED] __init__ successful execute. 
==========
/00:02:34/ [LOADED] add_group successful execute. 
==========
/00:02:38/ [LOADED] connection_to_table successful execute. 
==========
/00:02:38/ [LOADED] __init__ successful execute. 
==========
/00:02:38/ [LOADED] subgroupselect successful execute. 
==========
/00:02:38/ [LOADED] check successful execute. 
==========
/00:02:40/ [LOADED] login successful execute. 
==========
/00:02:40/ [LOADED] add_group successful execute. 
==========
/00:03:31/ [LOADED] connection_to_table successful execute. 
==========
/00:03:31/ [LOADED] __init__ successful execute. 
==========
/00:05:00/ [LOADED] main successful execute. 
==========
/00:06:11/ [LOADED] connection_to_table successful execute. 
==========
/00:06:11/ [LOADED] __init__ successful execute. 
==========
/00:06:40/ [LOADED] connection_to_table successful execute. 
==========
/00:06:40/ [LOADED] __init__ successful execute. 
==========
/00:06:49/ [LOADED] subgroupselect successful execute. 
==========
/00:06:49/ [LOADED] check successful execute. 
==========
/00:06:50/ [LOADED] login successful execute. 
==========
/00:06:50/ [LOADED] __init__ successful execute. 
==========
/00:06:50/ [LOADED] add_group successful execute. 
==========
/00:06:55/ [LOADED] connection_to_table successful execute. 
==========
/00:06:55/ [LOADED] __init__ successful execute. 
==========
/00:06:55/ [ERROR] Function [add_group] Loading error: 
 'builtin_function_or_method' object has no attribute 'emit' 
==========
/00:08:02/ [LOADED] connection_to_table successful execute. 
==========
/00:08:02/ [LOADED] __init__ successful execute. 
==========
/00:08:09/ [LOADED] subgroupselect successful execute. 
==========
/00:08:09/ [LOADED] check successful execute. 
==========
/00:08:10/ [LOADED] login successful execute. 
==========
/00:08:11/ [LOADED] __init__ successful execute. 
==========
/00:08:11/ [LOADED] add_group successful execute. 
==========
/00:08:15/ [LOADED] add_group successful execute. 
==========
/00:08:16/ [LOADED] add_group successful execute. 
==========
/00:08:18/ [LOADED] connection_to_table successful execute. 
==========
/00:08:18/ [LOADED] __init__ successful execute. 
==========
/00:08:18/ [ERROR] Function [add_group] Loading error: 
 'Object_receiver' object has no attribute 'emit' 
==========
/00:09:14/ [LOADED] connection_to_table successful execute. 
==========
/00:09:14/ [LOADED] __init__ successful execute. 
==========
/00:09:25/ [LOADED] subgroupselect successful execute. 
==========
/00:09:25/ [LOADED] check successful execute. 
==========
/00:09:26/ [LOADED] login successful execute. 
==========
/00:09:27/ [LOADED] __init__ successful execute. 
==========
/00:09:27/ [LOADED] add_group successful execute. 
==========
/00:09:32/ [LOADED] connection_to_table successful execute. 
==========
/00:09:32/ [LOADED] __init__ successful execute. 
==========
/00:09:32/ [LOADED] add_group successful execute. 
==========
/00:09:57/ [LOADED] connection_to_table successful execute. 
==========
/00:09:57/ [LOADED] __init__ successful execute. 
==========
/00:10:32/ [LOADED] check successful execute. 
==========
/00:10:33/ [LOADED] login successful execute. 
==========
/00:10:35/ [LOADED] __init__ successful execute. 
==========
/00:10:35/ [LOADED] add_group successful execute. 
==========
/00:10:40/ [LOADED] connection_to_table successful execute. 
==========
/00:10:40/ [LOADED] __init__ successful execute. 
==========
/00:10:40/ [LOADED] add_group successful execute. 
==========
/00:11:05/ [LOADED] connection_to_table successful execute. 
==========
/00:11:05/ [LOADED] __init__ successful execute. 
==========
/00:11:17/ [LOADED] subgroupselect successful execute. 
==========
/00:11:17/ [LOADED] check successful execute. 
==========
/00:11:17/ [LOADED] login successful execute. 
==========
/00:11:19/ [LOADED] __init__ successful execute. 
==========
/00:11:19/ [LOADED] add_group successful execute. 
==========
/00:11:22/ [LOADED] connection_to_table successful execute. 
==========
/00:11:22/ [LOADED] __init__ successful execute. 
==========
/00:11:22/ [LOADED] subgroupselect successful execute. 
==========
/00:11:22/ [LOADED] check successful execute. 
==========
/00:11:22/ [LOADED] add_group successful execute. 
